<?xml version="1.0" encoding="UTF-8"?><testsuites time="0.134"><testsuite name="home page" tests="3" failures="0" errors="0" time="0.134" timestamp="2014-05-09T20:07:14.954Z" package="test/acceptance/home_page_test"><testcase name="HTTP status code is: 200" classname="test/acceptance/home_page_test" time="0.093"></testcase><testcase name="title is Hello World Express" classname="test/acceptance/home_page_test" time="0.021"></testcase><testcase name="Find &quot;Hello World&quot; within the selector &quot;h1&quot;" classname="test/acceptance/home_page_test" time="0.02"></testcase><system-out></system-out></testsuite></testsuites>